[32m{"level":"info","message":"Este es un mensaje de información."}[39m
[33m{"level":"warn","message":"Este es un mensaje de advertencia."}[39m
[31m{"level":"error","message":"Este es un mensaje de error."}[39m
[31m{"level":"error"}[39m
[32m{"level":"info","message":"Este es un mensaje de información."}[39m
[33m{"level":"warn","message":"Este es un mensaje de advertencia."}[39m
[31m{"level":"error","message":"Este es un mensaje de error."}[39m
[31m{"level":"error"}[39m
[32m{"level":"info","message":"Este es un mensaje de información."}[39m
[33m{"level":"warn","message":"Este es un mensaje de advertencia."}[39m
[31m{"level":"error","message":"Este es un mensaje de error."}[39m
[31m{"level":"error"}[39m
[32m{"level":"info","message":"Este es un mensaje de información."}[39m
[33m{"level":"warn","message":"Este es un mensaje de advertencia."}[39m
[31m{"level":"error","message":"Este es un mensaje de error."}[39m
[31m{"level":"error"}[39m
[32m{"level":"info","message":"Este es un mensaje de información."}[39m
[33m{"level":"warn","message":"Este es un mensaje de advertencia."}[39m
[31m{"level":"error","message":"Este es un mensaje de error."}[39m
[31m{"level":"error"}[39m
[32m{"level":"info","message":"Este es un mensaje de información."}[39m
[33m{"level":"warn","message":"Este es un mensaje de advertencia."}[39m
[31m{"level":"error","message":"Este es un mensaje de error."}[39m
[31m{"level":"error"}[39m
[32m{"level":"info","message":"Este es un mensaje de información."}[39m
[33m{"level":"warn","message":"Este es un mensaje de advertencia."}[39m
[31m{"level":"error","message":"Este es un mensaje de error."}[39m
[31m{"level":"error"}[39m
[32m{"level":"info","message":"Este es un mensaje de información."}[39m
[33m{"level":"warn","message":"Este es un mensaje de advertencia."}[39m
[31m{"level":"error","message":"Este es un mensaje de error."}[39m
[31m{"level":"error"}[39m
[32m{"level":"info","message":"Este es un mensaje de información."}[39m
[33m{"level":"warn","message":"Este es un mensaje de advertencia."}[39m
[31m{"level":"error","message":"Este es un mensaje de error."}[39m
[31m{"level":"error"}[39m
[32m{"level":"info","message":"Este es un mensaje de información."}[39m
[33m{"level":"warn","message":"Este es un mensaje de advertencia."}[39m
[31m{"level":"error","message":"Este es un mensaje de error."}[39m
[31m{"level":"error"}[39m
[32m{"level":"info","message":"Este es un mensaje de información."}[39m
[33m{"level":"warn","message":"Este es un mensaje de advertencia."}[39m
[31m{"level":"error","message":"Este es un mensaje de error."}[39m
[31m{"level":"error"}[39m
[32m{"level":"info","message":" mensaje de información."}[39m
[33m{"level":"warn","message":" mensaje de advertencia."}[39m
[31m{"level":"error","message":" mensaje de error."}[39m
[31m{"level":"error"}[39m
[32m{"level":"info","message":" mensaje de información."}[39m
[33m{"level":"warn","message":" mensaje de advertencia."}[39m
[31m{"level":"error","message":" mensaje de error."}[39m
[31m{"level":"error"}[39m
[32m{"level":"info","message":" mensaje de información."}[39m
[33m{"level":"warn","message":" mensaje de advertencia."}[39m
[31m{"level":"error","message":" mensaje de error."}[39m
[31m{"level":"error"}[39m
[32m{"level":"info","message":" mensaje de información."}[39m
[33m{"level":"warn","message":" mensaje de advertencia."}[39m
[31m{"level":"error","message":" mensaje de error."}[39m
[31m{"level":"error"}[39m
[32m{"level":"info","message":" mensaje de información."}[39m
[33m{"level":"warn","message":" mensaje de advertencia."}[39m
[31m{"level":"error","message":" mensaje de error."}[39m
[31m{"level":"error"}[39m
[32m{"level":"info","message":" mensaje de información."}[39m
[33m{"level":"warn","message":" mensaje de advertencia."}[39m
[31m{"level":"error","message":" mensaje de error."}[39m
[31m{"level":"error"}[39m
[32m{"level":"info","message":" mensaje de información."}[39m
[33m{"level":"warn","message":" mensaje de advertencia."}[39m
[31m{"level":"error","message":" mensaje de error."}[39m
[31m{"level":"error"}[39m
[32m{"level":"info","message":" mensaje de información."}[39m
[33m{"level":"warn","message":" mensaje de advertencia."}[39m
[31m{"level":"error","message":" mensaje de error."}[39m
[31m{"level":"error"}[39m
[32m{"level":"info","message":" mensaje de información."}[39m
[33m{"level":"warn","message":" mensaje de advertencia."}[39m
[31m{"level":"error","message":" mensaje de error."}[39m
[31m{"level":"error"}[39m
[32m{"level":"info","message":" mensaje de información."}[39m
[33m{"level":"warn","message":" mensaje de advertencia."}[39m
[31m{"level":"error","message":" mensaje de error."}[39m
[31m{"level":"error"}[39m
[32m{"level":"info","message":" mensaje de información."}[39m
[33m{"level":"warn","message":" mensaje de advertencia."}[39m
[31m{"level":"error","message":" mensaje de error."}[39m
[31m{"level":"error"}[39m
[32m{"level":"info","message":" mensaje de información."}[39m
[33m{"level":"warn","message":" mensaje de advertencia."}[39m
[31m{"level":"error","message":" mensaje de error."}[39m
[31m{"level":"error"}[39m
[32m{"level":"info","message":" mensaje de información."}[39m
[33m{"level":"warn","message":" mensaje de advertencia."}[39m
[31m{"level":"error","message":" mensaje de error."}[39m
[31m{"level":"error"}[39m
[32m{"level":"info","message":" mensaje de información."}[39m
[33m{"level":"warn","message":" mensaje de advertencia."}[39m
[31m{"level":"error","message":" mensaje de error."}[39m
[32m{"level":"info","message":" mensaje de información."}[39m
[33m{"level":"warn","message":" mensaje de advertencia."}[39m
[31m{"level":"error","message":" mensaje de error."}[39m
[32m{"level":"info","message":" mensaje de información."}[39m
[33m{"level":"warn","message":" mensaje de advertencia."}[39m
[31m{"level":"error","message":" mensaje de error."}[39m
[32m{"level":"info","message":" mensaje de información."}[39m
[33m{"level":"warn","message":" mensaje de advertencia."}[39m
[31m{"level":"error","message":" mensaje de error."}[39m
[32m{"level":"info","message":" mensaje de información."}[39m
[33m{"level":"warn","message":" mensaje de advertencia."}[39m
[31m{"level":"error","message":" mensaje de error."}[39m
[32m{"level":"info","message":" mensaje de información."}[39m
[33m{"level":"warn","message":" mensaje de advertencia."}[39m
[31m{"level":"error","message":" mensaje de error."}[39m
[32m{"level":"info","message":" mensaje de información."}[39m
[33m{"level":"warn","message":" mensaje de advertencia."}[39m
[31m{"level":"error","message":" mensaje de error."}[39m
[32m{"level":"info","message":" mensaje de información."}[39m
[33m{"level":"warn","message":" mensaje de advertencia."}[39m
[31m{"level":"error","message":" mensaje de error."}[39m
[33m{"level":"warn","message":"Cast to ObjectId failed for value \"5020537\" (type string) at path \"_id\" for model \"products\""}[39m
